[
    {
        "Id": "f07a59f3e9a4b4340396d8e031e97a12c5aeba750690dce56f35f8a7162fd9d1",
        "Created": "2022-07-05T22:56:52.079931355Z",
        "Path": "/bin/bash",
        "Args": [],
        "State": {
            "Status": "running",
            "Running": true,
            "Paused": false,
            "Restarting": false,
            "OOMKilled": false,
            "Dead": false,
            "Pid": 3786,
            "ExitCode": 0,
            "Error": "",
            "StartedAt": "2022-07-05T23:00:34.6150284Z",
            "FinishedAt": "2022-07-05T22:57:15.084882151Z"
        },
        "Image": "sha256:ad080923604aa54962e903125cd9a860605c111bc45afc7d491cd8c77dccc13b",
        "ResolvConfPath": "/var/lib/docker/containers/f07a59f3e9a4b4340396d8e031e97a12c5aeba750690dce56f35f8a7162fd9d1/resolv.conf",
        "HostnamePath": "/var/lib/docker/containers/f07a59f3e9a4b4340396d8e031e97a12c5aeba750690dce56f35f8a7162fd9d1/hostname",
        "HostsPath": "/var/lib/docker/containers/f07a59f3e9a4b4340396d8e031e97a12c5aeba750690dce56f35f8a7162fd9d1/hosts",
        "LogPath": "/var/lib/docker/containers/f07a59f3e9a4b4340396d8e031e97a12c5aeba750690dce56f35f8a7162fd9d1/f07a59f3e9a4b4340396d8e031e97a12c5aeba750690dce56f35f8a7162fd9d1-json.log",
        "Name": "/serene_wilbur",
        "RestartCount": 0,
        "Driver": "overlay2",
        "Platform": "linux",
        "MountLabel": "",
        "ProcessLabel": "",
        "AppArmorProfile": "",
        "ExecIDs": null,
        "HostConfig": {
            "Binds": null,
            "ContainerIDFile": "",
            "LogConfig": {
                "Type": "json-file",
                "Config": {}
            },
            "NetworkMode": "default",
            "PortBindings": {},
            "RestartPolicy": {
                "Name": "no",
                "MaximumRetryCount": 0
            },
            "AutoRemove": false,
            "VolumeDriver": "",
            "VolumesFrom": null,
            "CapAdd": null,
            "CapDrop": null,
            "CgroupnsMode": "private",
            "Dns": [],
            "DnsOptions": [],
            "DnsSearch": [],
            "ExtraHosts": null,
            "GroupAdd": null,
            "IpcMode": "private",
            "Cgroup": "",
            "Links": null,
            "OomScoreAdj": 0,
            "PidMode": "",
            "Privileged": false,
            "PublishAllPorts": false,
            "ReadonlyRootfs": false,
            "SecurityOpt": null,
            "UTSMode": "",
            "UsernsMode": "",
            "ShmSize": 67108864,
            "Runtime": "runc",
            "ConsoleSize": [
                0,
                0
            ],
            "Isolation": "",
            "CpuShares": 0,
            "Memory": 0,
            "NanoCpus": 0,
            "CgroupParent": "",
            "BlkioWeight": 0,
            "BlkioWeightDevice": [],
            "BlkioDeviceReadBps": null,
            "BlkioDeviceWriteBps": null,
            "BlkioDeviceReadIOps": null,
            "BlkioDeviceWriteIOps": null,
            "CpuPeriod": 0,
            "CpuQuota": 0,
            "CpuRealtimePeriod": 0,
            "CpuRealtimeRuntime": 0,
            "CpusetCpus": "",
            "CpusetMems": "",
            "Devices": [],
            "DeviceCgroupRules": null,
            "DeviceRequests": null,
            "KernelMemory": 0,
            "KernelMemoryTCP": 0,
            "MemoryReservation": 0,
            "MemorySwap": 0,
            "MemorySwappiness": null,
            "OomKillDisable": null,
            "PidsLimit": null,
            "Ulimits": null,
            "CpuCount": 0,
            "CpuPercent": 0,
            "IOMaximumIOps": 0,
            "IOMaximumBandwidth": 0,
            "MaskedPaths": [
                "/proc/asound",
                "/proc/acpi",
                "/proc/kcore",
                "/proc/keys",
                "/proc/latency_stats",
                "/proc/timer_list",
                "/proc/timer_stats",
                "/proc/sched_debug",
                "/proc/scsi",
                "/sys/firmware"
            ],
            "ReadonlyPaths": [
                "/proc/bus",
                "/proc/fs",
                "/proc/irq",
                "/proc/sys",
                "/proc/sysrq-trigger"
            ]
        },
        "GraphDriver": {
            "Data": {
                "LowerDir": "/var/lib/docker/overlay2/6a035369ac4f38096caca2b1c3cdeefd490b2104961d86d089e442a2bbe8adcf-init/diff:/var/lib/docker/overlay2/e1699a137032bf133efb7eb7d065c22d2196c6be7c7aef262ad1816e6ceeb055/diff",
                "MergedDir": "/var/lib/docker/overlay2/6a035369ac4f38096caca2b1c3cdeefd490b2104961d86d089e442a2bbe8adcf/merged",
                "UpperDir": "/var/lib/docker/overlay2/6a035369ac4f38096caca2b1c3cdeefd490b2104961d86d089e442a2bbe8adcf/diff",
                "WorkDir": "/var/lib/docker/overlay2/6a035369ac4f38096caca2b1c3cdeefd490b2104961d86d089e442a2bbe8adcf/work"
            },
            "Name": "overlay2"
        },
        "Mounts": [],
        "Config": {
            "Hostname": "f07a59f3e9a4",
            "Domainname": "",
            "User": "",
            "AttachStdin": true,
            "AttachStdout": true,
            "AttachStderr": true,
            "Tty": true,
            "OpenStdin": true,
            "StdinOnce": true,
            "Env": [
                "PATH=/usr/local/sbin:/usr/local/bin:/usr/sbin:/usr/bin:/sbin:/bin"
            ],
            "Cmd": [
                "/bin/bash"
            ],
            "Image": "ubuntu:18.04",
            "Volumes": null,
            "WorkingDir": "",
            "Entrypoint": null,
            "OnBuild": null,
            "Labels": {}
        },
        "NetworkSettings": {
            "Bridge": "",
            "SandboxID": "1427d9e3d0520ff6d8b9dcdcbdad641754ef5480f24493f307393526701ae590",
            "HairpinMode": false,
            "LinkLocalIPv6Address": "",
            "LinkLocalIPv6PrefixLen": 0,
            "Ports": {},
            "SandboxKey": "/var/run/docker/netns/1427d9e3d052",
            "SecondaryIPAddresses": null,
            "SecondaryIPv6Addresses": null,
            "EndpointID": "d5f508aa154eba56b1c6a11d26aa0ce1831449084eebaeaa95b853c0db411612",
            "Gateway": "172.17.0.1",
            "GlobalIPv6Address": "",
            "GlobalIPv6PrefixLen": 0,
            "IPAddress": "172.17.0.2",
            "IPPrefixLen": 16,
            "IPv6Gateway": "",
            "MacAddress": "02:42:ac:11:00:02",
            "Networks": {
                "bridge": {
                    "IPAMConfig": null,
                    "Links": null,
                    "Aliases": null,
                    "NetworkID": "8a9b30315087296d57892fa0eb1ba5fdf7559148d9fc6c6afd34bdc6c342818b",
                    "EndpointID": "d5f508aa154eba56b1c6a11d26aa0ce1831449084eebaeaa95b853c0db411612",
                    "Gateway": "172.17.0.1",
                    "IPAddress": "172.17.0.2",
                    "IPPrefixLen": 16,
                    "IPv6Gateway": "",
                    "GlobalIPv6Address": "",
                    "GlobalIPv6PrefixLen": 0,
                    "MacAddress": "02:42:ac:11:00:02",
                    "DriverOpts": null
                }
            }
        }
    }
]
